<?xml version="1.0" encoding="UTF-8"?>
<!-- Generated by org.testng.reporters.JUnitXMLReporter -->
<testsuite ignored="0" hostname="DESKTOP-HD3NQA2" failures="0" tests="5" name="Default test" time="58.229" errors="0" timestamp="2023-09-06T11:05:12 IST">
  <testcase classname="testcaseA.tc" name="verifyLoginWithValidCredential" time="2.58"/>
  <testcase classname="testcaseA.tc" name="verifyMouseOvering" time="1.456"/>
  <testcase classname="testcaseA.tc" name="verifysearch" time="3.024"/>
  <testcase classname="testcaseA.tc" name="dropdown" time="2.483"/>
  <testcase classname="testcaseA.tc" name="searchbox" time="3.439"/>
</testsuite> <!-- Default test -->
