<?xml version="1.0" encoding="UTF-8"?>
<testng-results ignored="0" total="5" passed="5" failed="0" skipped="0">
  <reporter-output>
  </reporter-output>
  <suite started-at="2023-09-06T11:04:14 IST" name="Default suite" finished-at="2023-09-06T11:05:12 IST" duration-ms="58229">
    <groups>
    </groups>
    <test started-at="2023-09-06T11:04:14 IST" name="Default test" finished-at="2023-09-06T11:05:12 IST" duration-ms="58229">
      <class name="testcaseA.tc">
        <test-method is-config="true" signature="beforeMethod()[pri:0, instance:testcaseA.tc@69e153c5]" started-at="2023-09-06T11:04:14 IST" name="beforeMethod" finished-at="2023-09-06T11:04:24 IST" duration-ms="9747" status="PASS">
          <reporter-output>
          </reporter-output>
        </test-method> <!-- beforeMethod -->
        <test-method signature="verifyLoginWithValidCredential()[pri:0, instance:testcaseA.tc@69e153c5]" started-at="2023-09-06T11:04:24 IST" name="verifyLoginWithValidCredential" finished-at="2023-09-06T11:04:26 IST" duration-ms="2580" status="PASS">
          <reporter-output>
          </reporter-output>
        </test-method> <!-- verifyLoginWithValidCredential -->
        <test-method is-config="true" signature="afterMethod()[pri:0, instance:testcaseA.tc@69e153c5]" started-at="2023-09-06T11:04:26 IST" name="afterMethod" finished-at="2023-09-06T11:04:26 IST" duration-ms="199" status="PASS">
          <reporter-output>
          </reporter-output>
        </test-method> <!-- afterMethod -->
        <test-method is-config="true" signature="beforeMethod()[pri:0, instance:testcaseA.tc@69e153c5]" started-at="2023-09-06T11:04:26 IST" name="beforeMethod" finished-at="2023-09-06T11:04:35 IST" duration-ms="8513" status="PASS">
          <reporter-output>
          </reporter-output>
        </test-method> <!-- beforeMethod -->
        <test-method signature="verifyMouseOvering()[pri:0, instance:testcaseA.tc@69e153c5]" started-at="2023-09-06T11:04:35 IST" name="verifyMouseOvering" finished-at="2023-09-06T11:04:36 IST" duration-ms="1456" status="PASS">
          <reporter-output>
          </reporter-output>
        </test-method> <!-- verifyMouseOvering -->
        <test-method is-config="true" signature="afterMethod()[pri:0, instance:testcaseA.tc@69e153c5]" started-at="2023-09-06T11:04:36 IST" name="afterMethod" finished-at="2023-09-06T11:04:37 IST" duration-ms="134" status="PASS">
          <reporter-output>
          </reporter-output>
        </test-method> <!-- afterMethod -->
        <test-method is-config="true" signature="beforeMethod()[pri:0, instance:testcaseA.tc@69e153c5]" started-at="2023-09-06T11:04:37 IST" name="beforeMethod" finished-at="2023-09-06T11:04:45 IST" duration-ms="8176" status="PASS">
          <reporter-output>
          </reporter-output>
        </test-method> <!-- beforeMethod -->
        <test-method signature="verifysearch()[pri:1, instance:testcaseA.tc@69e153c5]" started-at="2023-09-06T11:04:45 IST" name="verifysearch" finished-at="2023-09-06T11:04:48 IST" duration-ms="3024" status="PASS">
          <reporter-output>
          </reporter-output>
        </test-method> <!-- verifysearch -->
        <test-method is-config="true" signature="afterMethod()[pri:0, instance:testcaseA.tc@69e153c5]" started-at="2023-09-06T11:04:48 IST" name="afterMethod" finished-at="2023-09-06T11:04:48 IST" duration-ms="212" status="PASS">
          <reporter-output>
          </reporter-output>
        </test-method> <!-- afterMethod -->
        <test-method is-config="true" signature="beforeMethod()[pri:0, instance:testcaseA.tc@69e153c5]" started-at="2023-09-06T11:04:48 IST" name="beforeMethod" finished-at="2023-09-06T11:04:57 IST" duration-ms="8885" status="PASS">
          <reporter-output>
          </reporter-output>
        </test-method> <!-- beforeMethod -->
        <test-method signature="dropdown()[pri:2, instance:testcaseA.tc@69e153c5]" started-at="2023-09-06T11:04:57 IST" name="dropdown" finished-at="2023-09-06T11:04:59 IST" duration-ms="2483" status="PASS">
          <reporter-output>
          </reporter-output>
        </test-method> <!-- dropdown -->
        <test-method is-config="true" signature="afterMethod()[pri:0, instance:testcaseA.tc@69e153c5]" started-at="2023-09-06T11:04:59 IST" name="afterMethod" finished-at="2023-09-06T11:05:00 IST" duration-ms="246" status="PASS">
          <reporter-output>
          </reporter-output>
        </test-method> <!-- afterMethod -->
        <test-method is-config="true" signature="beforeMethod()[pri:0, instance:testcaseA.tc@69e153c5]" started-at="2023-09-06T11:05:00 IST" name="beforeMethod" finished-at="2023-09-06T11:05:08 IST" duration-ms="8848" status="PASS">
          <reporter-output>
          </reporter-output>
        </test-method> <!-- beforeMethod -->
        <test-method signature="searchbox()[pri:3, instance:testcaseA.tc@69e153c5]" started-at="2023-09-06T11:05:08 IST" name="searchbox" finished-at="2023-09-06T11:05:12 IST" duration-ms="3439" status="PASS">
          <reporter-output>
          </reporter-output>
        </test-method> <!-- searchbox -->
        <test-method is-config="true" signature="afterMethod()[pri:0, instance:testcaseA.tc@69e153c5]" started-at="2023-09-06T11:05:12 IST" name="afterMethod" finished-at="2023-09-06T11:05:12 IST" duration-ms="208" status="PASS">
          <reporter-output>
          </reporter-output>
        </test-method> <!-- afterMethod -->
      </class> <!-- testcaseA.tc -->
    </test> <!-- Default test -->
  </suite> <!-- Default suite -->
</testng-results>
